{"/Users/adibwafi/Documents/Hacktiv8/Phase3/Final Project/Savvie-Server/app.js": {"path":"/Users/adibwafi/Documents/Hacktiv8/Phase3/Final Project/Savvie-Server/app.js","statementMap":{"0":{"start":{"line":1,"column":0},"end":{"line":1,"column":70}},"1":{"start":{"line":1,"column":43},"end":{"line":1,"column":70}},"2":{"start":{"line":2,"column":13},"end":{"line":2,"column":28}},"3":{"start":{"line":3,"column":16},"end":{"line":3,"column":34}},"4":{"start":{"line":4,"column":21},"end":{"line":4,"column":57}},"5":{"start":{"line":5,"column":15},"end":{"line":5,"column":34}},"6":{"start":{"line":6,"column":12},"end":{"line":6,"column":21}},"7":{"start":{"line":8,"column":0},"end":{"line":8,"column":16}},"8":{"start":{"line":9,"column":0},"end":{"line":9,"column":24}},"9":{"start":{"line":10,"column":0},"end":{"line":10,"column":48}},"10":{"start":{"line":12,"column":0},"end":{"line":12,"column":21}},"11":{"start":{"line":13,"column":0},"end":{"line":13,"column":22}},"12":{"start":{"line":15,"column":0},"end":{"line":15,"column":21}}},"fnMap":{},"branchMap":{"0":{"loc":{"start":{"line":1,"column":0},"end":{"line":1,"column":70}},"type":"if","locations":[{"start":{"line":1,"column":0},"end":{"line":1,"column":70}},{"start":{},"end":{}}],"line":1}},"s":{"0":9,"1":9,"2":9,"3":9,"4":9,"5":9,"6":9,"7":9,"8":9,"9":9,"10":9,"11":9,"12":9},"f":{},"b":{"0":[9,0]},"_coverageSchema":"1a1c01bbd47fc00a2c39e90264f33305004495a9","hash":"d63a6f3176860a6b120318b939799c9169348ee0"}
,"/Users/adibwafi/Documents/Hacktiv8/Phase3/Final Project/Savvie-Server/api/xendit.js": {"path":"/Users/adibwafi/Documents/Hacktiv8/Phase3/Final Project/Savvie-Server/api/xendit.js","statementMap":{"0":{"start":{"line":1,"column":15},"end":{"line":1,"column":37}},"1":{"start":{"line":2,"column":10},"end":{"line":4,"column":2}},"2":{"start":{"line":6,"column":20},"end":{"line":6,"column":21}},"3":{"start":{"line":7,"column":16},"end":{"line":7,"column":31}},"4":{"start":{"line":12,"column":8},"end":{"line":17,"column":11}},"5":{"start":{"line":20,"column":8},"end":{"line":20,"column":51}},"6":{"start":{"line":23,"column":8},"end":{"line":23,"column":48}},"7":{"start":{"line":26,"column":0},"end":{"line":26,"column":30}}},"fnMap":{"0":{"name":"(anonymous_0)","decl":{"start":{"line":10,"column":4},"end":{"line":10,"column":5}},"loc":{"start":{"line":10,"column":55},"end":{"line":18,"column":5}},"line":10},"1":{"name":"(anonymous_1)","decl":{"start":{"line":19,"column":4},"end":{"line":19,"column":5}},"loc":{"start":{"line":19,"column":36},"end":{"line":21,"column":5}},"line":19},"2":{"name":"(anonymous_2)","decl":{"start":{"line":22,"column":4},"end":{"line":22,"column":5}},"loc":{"start":{"line":22,"column":33},"end":{"line":24,"column":5}},"line":22}},"branchMap":{},"s":{"0":9,"1":9,"2":9,"3":9,"4":1,"5":0,"6":0,"7":9},"f":{"0":1,"1":0,"2":0},"b":{},"_coverageSchema":"1a1c01bbd47fc00a2c39e90264f33305004495a9","hash":"bdd0443f5a9ca2fcdde6680e93a7b57defba94f9"}
,"/Users/adibwafi/Documents/Hacktiv8/Phase3/Final Project/Savvie-Server/controllers/category.js": {"path":"/Users/adibwafi/Documents/Hacktiv8/Phase3/Final Project/Savvie-Server/controllers/category.js","statementMap":{"0":{"start":{"line":1,"column":42},"end":{"line":1,"column":62}},"1":{"start":{"line":5,"column":4},"end":{"line":13,"column":5}},"2":{"start":{"line":6,"column":23},"end":{"line":8,"column":8}},"3":{"start":{"line":10,"column":6},"end":{"line":10,"column":37}},"4":{"start":{"line":12,"column":6},"end":{"line":12,"column":18}},"5":{"start":{"line":17,"column":4},"end":{"line":29,"column":5}},"6":{"start":{"line":18,"column":21},"end":{"line":18,"column":31}},"7":{"start":{"line":19,"column":23},"end":{"line":22,"column":8}},"8":{"start":{"line":24,"column":6},"end":{"line":24,"column":70}},"9":{"start":{"line":24,"column":21},"end":{"line":24,"column":70}},"10":{"start":{"line":26,"column":6},"end":{"line":26,"column":37}},"11":{"start":{"line":28,"column":6},"end":{"line":28,"column":18}},"12":{"start":{"line":33,"column":0},"end":{"line":33,"column":28}}},"fnMap":{"0":{"name":"(anonymous_0)","decl":{"start":{"line":4,"column":2},"end":{"line":4,"column":3}},"loc":{"start":{"line":4,"column":43},"end":{"line":14,"column":3}},"line":4},"1":{"name":"(anonymous_1)","decl":{"start":{"line":16,"column":2},"end":{"line":16,"column":3}},"loc":{"start":{"line":16,"column":47},"end":{"line":30,"column":3}},"line":16}},"branchMap":{"0":{"loc":{"start":{"line":24,"column":6},"end":{"line":24,"column":70}},"type":"if","locations":[{"start":{"line":24,"column":6},"end":{"line":24,"column":70}},{"start":{},"end":{}}],"line":24}},"s":{"0":9,"1":1,"2":1,"3":1,"4":0,"5":2,"6":2,"7":2,"8":2,"9":1,"10":1,"11":1,"12":9},"f":{"0":1,"1":2},"b":{"0":[1,1]},"_coverageSchema":"1a1c01bbd47fc00a2c39e90264f33305004495a9","hash":"6001b1e8f3c0cb9a0804ec553c83032bfc441350"}
,"/Users/adibwafi/Documents/Hacktiv8/Phase3/Final Project/Savvie-Server/controllers/checkout.js": {"path":"/Users/adibwafi/Documents/Hacktiv8/Phase3/Final Project/Savvie-Server/controllers/checkout.js","statementMap":{"0":{"start":{"line":1,"column":29},"end":{"line":1,"column":49}},"1":{"start":{"line":5,"column":4},"end":{"line":9,"column":5}},"2":{"start":{"line":12,"column":4},"end":{"line":22,"column":5}},"3":{"start":{"line":13,"column":19},"end":{"line":18,"column":8}},"4":{"start":{"line":19,"column":6},"end":{"line":19,"column":32}},"5":{"start":{"line":21,"column":6},"end":{"line":21,"column":17}},"6":{"start":{"line":25,"column":0},"end":{"line":25,"column":27}}},"fnMap":{"0":{"name":"(anonymous_0)","decl":{"start":{"line":4,"column":2},"end":{"line":4,"column":3}},"loc":{"start":{"line":4,"column":45},"end":{"line":10,"column":3}},"line":4},"1":{"name":"(anonymous_1)","decl":{"start":{"line":11,"column":2},"end":{"line":11,"column":3}},"loc":{"start":{"line":11,"column":39},"end":{"line":23,"column":3}},"line":11}},"branchMap":{},"s":{"0":9,"1":0,"2":1,"3":1,"4":1,"5":0,"6":9},"f":{"0":0,"1":1},"b":{},"_coverageSchema":"1a1c01bbd47fc00a2c39e90264f33305004495a9","hash":"67f543173d57d4d19ac2199c650e8367200cf6f9"}
,"/Users/adibwafi/Documents/Hacktiv8/Phase3/Final Project/Savvie-Server/controllers/favourite.js": {"path":"/Users/adibwafi/Documents/Hacktiv8/Phase3/Final Project/Savvie-Server/controllers/favourite.js","statementMap":{"0":{"start":{"line":1,"column":34},"end":{"line":1,"column":54}},"1":{"start":{"line":5,"column":4},"end":{"line":17,"column":5}},"2":{"start":{"line":6,"column":24},"end":{"line":12,"column":8}},"3":{"start":{"line":14,"column":6},"end":{"line":14,"column":38}},"4":{"start":{"line":16,"column":6},"end":{"line":16,"column":18}},"5":{"start":{"line":21,"column":27},"end":{"line":21,"column":37}},"6":{"start":{"line":22,"column":27},"end":{"line":22,"column":35}},"7":{"start":{"line":23,"column":4},"end":{"line":33,"column":5}},"8":{"start":{"line":24,"column":6},"end":{"line":27,"column":9}},"9":{"start":{"line":28,"column":6},"end":{"line":30,"column":9}},"10":{"start":{"line":32,"column":6},"end":{"line":32,"column":25}},"11":{"start":{"line":37,"column":4},"end":{"line":50,"column":5}},"12":{"start":{"line":38,"column":21},"end":{"line":38,"column":31}},"13":{"start":{"line":39,"column":24},"end":{"line":41,"column":8}},"14":{"start":{"line":43,"column":6},"end":{"line":43,"column":71}},"15":{"start":{"line":43,"column":22},"end":{"line":43,"column":71}},"16":{"start":{"line":45,"column":6},"end":{"line":47,"column":9}},"17":{"start":{"line":49,"column":6},"end":{"line":49,"column":18}},"18":{"start":{"line":54,"column":0},"end":{"line":54,"column":28}}},"fnMap":{"0":{"name":"(anonymous_0)","decl":{"start":{"line":4,"column":2},"end":{"line":4,"column":3}},"loc":{"start":{"line":4,"column":44},"end":{"line":18,"column":3}},"line":4},"1":{"name":"(anonymous_1)","decl":{"start":{"line":20,"column":2},"end":{"line":20,"column":3}},"loc":{"start":{"line":20,"column":47},"end":{"line":34,"column":3}},"line":20},"2":{"name":"(anonymous_2)","decl":{"start":{"line":36,"column":2},"end":{"line":36,"column":3}},"loc":{"start":{"line":36,"column":47},"end":{"line":51,"column":3}},"line":36}},"branchMap":{"0":{"loc":{"start":{"line":43,"column":6},"end":{"line":43,"column":71}},"type":"if","locations":[{"start":{"line":43,"column":6},"end":{"line":43,"column":71}},{"start":{},"end":{}}],"line":43}},"s":{"0":9,"1":1,"2":1,"3":1,"4":0,"5":1,"6":1,"7":1,"8":1,"9":1,"10":0,"11":1,"12":1,"13":1,"14":1,"15":0,"16":1,"17":0,"18":9},"f":{"0":1,"1":1,"2":1},"b":{"0":[0,1]},"_coverageSchema":"1a1c01bbd47fc00a2c39e90264f33305004495a9","hash":"7ef714cade95522a9a237c484f1754a1864761d4"}
,"/Users/adibwafi/Documents/Hacktiv8/Phase3/Final Project/Savvie-Server/controllers/food.js": {"path":"/Users/adibwafi/Documents/Hacktiv8/Phase3/Final Project/Savvie-Server/controllers/food.js","statementMap":{"0":{"start":{"line":1,"column":39},"end":{"line":1,"column":59}},"1":{"start":{"line":5,"column":4},"end":{"line":13,"column":5}},"2":{"start":{"line":6,"column":19},"end":{"line":8,"column":8}},"3":{"start":{"line":10,"column":6},"end":{"line":10,"column":33}},"4":{"start":{"line":12,"column":6},"end":{"line":12,"column":18}},"5":{"start":{"line":17,"column":4},"end":{"line":29,"column":5}},"6":{"start":{"line":18,"column":21},"end":{"line":18,"column":31}},"7":{"start":{"line":19,"column":19},"end":{"line":22,"column":8}},"8":{"start":{"line":24,"column":6},"end":{"line":24,"column":66}},"9":{"start":{"line":24,"column":17},"end":{"line":24,"column":66}},"10":{"start":{"line":26,"column":6},"end":{"line":26,"column":33}},"11":{"start":{"line":28,"column":6},"end":{"line":28,"column":18}},"12":{"start":{"line":33,"column":0},"end":{"line":33,"column":28}}},"fnMap":{"0":{"name":"(anonymous_0)","decl":{"start":{"line":4,"column":2},"end":{"line":4,"column":3}},"loc":{"start":{"line":4,"column":39},"end":{"line":14,"column":3}},"line":4},"1":{"name":"(anonymous_1)","decl":{"start":{"line":16,"column":2},"end":{"line":16,"column":3}},"loc":{"start":{"line":16,"column":43},"end":{"line":30,"column":3}},"line":16}},"branchMap":{"0":{"loc":{"start":{"line":24,"column":6},"end":{"line":24,"column":66}},"type":"if","locations":[{"start":{"line":24,"column":6},"end":{"line":24,"column":66}},{"start":{},"end":{}}],"line":24}},"s":{"0":9,"1":1,"2":1,"3":1,"4":0,"5":2,"6":2,"7":2,"8":2,"9":1,"10":1,"11":1,"12":9},"f":{"0":1,"1":2},"b":{"0":[1,1]},"_coverageSchema":"1a1c01bbd47fc00a2c39e90264f33305004495a9","hash":"a169a581c190703c14778b0fc2bb61e70b9f9737"}
,"/Users/adibwafi/Documents/Hacktiv8/Phase3/Final Project/Savvie-Server/controllers/midtrans.js": {"path":"/Users/adibwafi/Documents/Hacktiv8/Phase3/Final Project/Savvie-Server/controllers/midtrans.js","statementMap":{"0":{"start":{"line":1,"column":23},"end":{"line":1,"column":49}},"1":{"start":{"line":2,"column":37},"end":{"line":2,"column":57}},"2":{"start":{"line":8,"column":15},"end":{"line":12,"column":6}},"3":{"start":{"line":14,"column":17},"end":{"line":14,"column":36}},"4":{"start":{"line":16,"column":20},"end":{"line":27,"column":5}},"5":{"start":{"line":29,"column":4},"end":{"line":38,"column":11}},"6":{"start":{"line":33,"column":31},"end":{"line":33,"column":48}},"7":{"start":{"line":34,"column":8},"end":{"line":34,"column":69}},"8":{"start":{"line":37,"column":8},"end":{"line":37,"column":20}},"9":{"start":{"line":42,"column":0},"end":{"line":42,"column":27}}},"fnMap":{"0":{"name":"(anonymous_0)","decl":{"start":{"line":5,"column":4},"end":{"line":5,"column":5}},"loc":{"start":{"line":5,"column":39},"end":{"line":39,"column":5}},"line":5},"1":{"name":"(anonymous_1)","decl":{"start":{"line":31,"column":14},"end":{"line":31,"column":15}},"loc":{"start":{"line":31,"column":31},"end":{"line":35,"column":9}},"line":31},"2":{"name":"(anonymous_2)","decl":{"start":{"line":36,"column":15},"end":{"line":36,"column":16}},"loc":{"start":{"line":36,"column":26},"end":{"line":38,"column":9}},"line":36}},"branchMap":{},"s":{"0":9,"1":9,"2":1,"3":1,"4":1,"5":1,"6":1,"7":1,"8":0,"9":9},"f":{"0":1,"1":1,"2":0},"b":{},"_coverageSchema":"1a1c01bbd47fc00a2c39e90264f33305004495a9","hash":"b2c14c1c7d12e70cd4ee65bb4b053468bfc147c9"}
,"/Users/adibwafi/Documents/Hacktiv8/Phase3/Final Project/Savvie-Server/controllers/restaurant.js": {"path":"/Users/adibwafi/Documents/Hacktiv8/Phase3/Final Project/Savvie-Server/controllers/restaurant.js","statementMap":{"0":{"start":{"line":7,"column":4},"end":{"line":7,"column":24}},"1":{"start":{"line":11,"column":4},"end":{"line":23,"column":5}},"2":{"start":{"line":12,"column":25},"end":{"line":18,"column":8}},"3":{"start":{"line":20,"column":6},"end":{"line":20,"column":39}},"4":{"start":{"line":22,"column":6},"end":{"line":22,"column":18}},"5":{"start":{"line":27,"column":4},"end":{"line":43,"column":5}},"6":{"start":{"line":28,"column":21},"end":{"line":28,"column":31}},"7":{"start":{"line":29,"column":25},"end":{"line":36,"column":8}},"8":{"start":{"line":38,"column":6},"end":{"line":38,"column":72}},"9":{"start":{"line":38,"column":23},"end":{"line":38,"column":72}},"10":{"start":{"line":40,"column":6},"end":{"line":40,"column":39}},"11":{"start":{"line":42,"column":6},"end":{"line":42,"column":18}},"12":{"start":{"line":47,"column":4},"end":{"line":80,"column":5}},"13":{"start":{"line":48,"column":23},"end":{"line":48,"column":49}},"14":{"start":{"line":49,"column":18},"end":{"line":49,"column":46}},"15":{"start":{"line":50,"column":19},"end":{"line":50,"column":49}},"16":{"start":{"line":51,"column":21},"end":{"line":75,"column":7}},"17":{"start":{"line":76,"column":6},"end":{"line":76,"column":35}},"18":{"start":{"line":78,"column":6},"end":{"line":78,"column":25}},"19":{"start":{"line":79,"column":6},"end":{"line":79,"column":34}},"20":{"start":{"line":84,"column":0},"end":{"line":84,"column":28}}},"fnMap":{"0":{"name":"(anonymous_0)","decl":{"start":{"line":10,"column":2},"end":{"line":10,"column":3}},"loc":{"start":{"line":10,"column":45},"end":{"line":24,"column":3}},"line":10},"1":{"name":"(anonymous_1)","decl":{"start":{"line":26,"column":2},"end":{"line":26,"column":3}},"loc":{"start":{"line":26,"column":49},"end":{"line":44,"column":3}},"line":26},"2":{"name":"(anonymous_2)","decl":{"start":{"line":46,"column":2},"end":{"line":46,"column":3}},"loc":{"start":{"line":46,"column":47},"end":{"line":81,"column":3}},"line":46}},"branchMap":{"0":{"loc":{"start":{"line":38,"column":6},"end":{"line":38,"column":72}},"type":"if","locations":[{"start":{"line":38,"column":6},"end":{"line":38,"column":72}},{"start":{},"end":{}}],"line":38},"1":{"loc":{"start":{"line":48,"column":23},"end":{"line":48,"column":49}},"type":"binary-expr","locations":[{"start":{"line":48,"column":23},"end":{"line":48,"column":41}},{"start":{"line":48,"column":45},"end":{"line":48,"column":49}}],"line":48},"2":{"loc":{"start":{"line":49,"column":18},"end":{"line":49,"column":46}},"type":"binary-expr","locations":[{"start":{"line":49,"column":18},"end":{"line":49,"column":31}},{"start":{"line":49,"column":35},"end":{"line":49,"column":46}}],"line":49},"3":{"loc":{"start":{"line":50,"column":19},"end":{"line":50,"column":49}},"type":"binary-expr","locations":[{"start":{"line":50,"column":19},"end":{"line":50,"column":33}},{"start":{"line":50,"column":37},"end":{"line":50,"column":49}}],"line":50}},"s":{"0":9,"1":1,"2":1,"3":1,"4":0,"5":2,"6":2,"7":2,"8":2,"9":1,"10":1,"11":1,"12":1,"13":1,"14":1,"15":1,"16":1,"17":1,"18":0,"19":0,"20":9},"f":{"0":1,"1":2,"2":1},"b":{"0":[1,1],"1":[1,1],"2":[1,1],"3":[1,1]},"_coverageSchema":"1a1c01bbd47fc00a2c39e90264f33305004495a9","hash":"3acd73f70ab31d6868165a7c6169fb6c7e9879b5"}
,"/Users/adibwafi/Documents/Hacktiv8/Phase3/Final Project/Savvie-Server/controllers/resto.js": {"path":"/Users/adibwafi/Documents/Hacktiv8/Phase3/Final Project/Savvie-Server/controllers/resto.js","statementMap":{"0":{"start":{"line":1,"column":66},"end":{"line":1,"column":86}},"1":{"start":{"line":5,"column":4},"end":{"line":14,"column":5}},"2":{"start":{"line":6,"column":19},"end":{"line":10,"column":8}},"3":{"start":{"line":11,"column":6},"end":{"line":11,"column":33}},"4":{"start":{"line":13,"column":6},"end":{"line":13,"column":18}},"5":{"start":{"line":17,"column":4},"end":{"line":23,"column":5}},"6":{"start":{"line":18,"column":19},"end":{"line":18,"column":53}},"7":{"start":{"line":19,"column":6},"end":{"line":19,"column":45}},"8":{"start":{"line":19,"column":17},"end":{"line":19,"column":45}},"9":{"start":{"line":20,"column":6},"end":{"line":20,"column":33}},"10":{"start":{"line":22,"column":6},"end":{"line":22,"column":18}},"11":{"start":{"line":26,"column":4},"end":{"line":46,"column":5}},"12":{"start":{"line":28,"column":8},"end":{"line":28,"column":16}},"13":{"start":{"line":29,"column":19},"end":{"line":42,"column":8}},"14":{"start":{"line":43,"column":6},"end":{"line":43,"column":33}},"15":{"start":{"line":45,"column":6},"end":{"line":45,"column":18}},"16":{"start":{"line":49,"column":4},"end":{"line":58,"column":5}},"17":{"start":{"line":50,"column":23},"end":{"line":50,"column":57}},"18":{"start":{"line":51,"column":6},"end":{"line":51,"column":49}},"19":{"start":{"line":51,"column":21},"end":{"line":51,"column":49}},"20":{"start":{"line":52,"column":6},"end":{"line":52,"column":59}},"21":{"start":{"line":53,"column":6},"end":{"line":55,"column":78}},"22":{"start":{"line":57,"column":6},"end":{"line":57,"column":18}},"23":{"start":{"line":61,"column":4},"end":{"line":94,"column":5}},"24":{"start":{"line":62,"column":23},"end":{"line":62,"column":57}},"25":{"start":{"line":63,"column":6},"end":{"line":63,"column":49}},"26":{"start":{"line":63,"column":21},"end":{"line":63,"column":49}},"27":{"start":{"line":74,"column":10},"end":{"line":74,"column":18}},"28":{"start":{"line":75,"column":6},"end":{"line":88,"column":8}},"29":{"start":{"line":89,"column":6},"end":{"line":91,"column":75}},"30":{"start":{"line":93,"column":6},"end":{"line":93,"column":18}},"31":{"start":{"line":97,"column":4},"end":{"line":105,"column":5}},"32":{"start":{"line":98,"column":23},"end":{"line":98,"column":57}},"33":{"start":{"line":99,"column":6},"end":{"line":99,"column":49}},"34":{"start":{"line":99,"column":21},"end":{"line":99,"column":49}},"35":{"start":{"line":100,"column":25},"end":{"line":100,"column":33}},"36":{"start":{"line":101,"column":6},"end":{"line":101,"column":70}},"37":{"start":{"line":102,"column":6},"end":{"line":102,"column":65}},"38":{"start":{"line":104,"column":6},"end":{"line":104,"column":18}},"39":{"start":{"line":108,"column":4},"end":{"line":116,"column":5}},"40":{"start":{"line":109,"column":23},"end":{"line":109,"column":57}},"41":{"start":{"line":110,"column":6},"end":{"line":110,"column":49}},"42":{"start":{"line":110,"column":21},"end":{"line":110,"column":49}},"43":{"start":{"line":111,"column":28},"end":{"line":111,"column":36}},"44":{"start":{"line":112,"column":6},"end":{"line":112,"column":73}},"45":{"start":{"line":113,"column":6},"end":{"line":113,"column":65}},"46":{"start":{"line":115,"column":6},"end":{"line":115,"column":18}},"47":{"start":{"line":120,"column":4},"end":{"line":125,"column":5}},"48":{"start":{"line":121,"column":19},"end":{"line":121,"column":75}},"49":{"start":{"line":122,"column":6},"end":{"line":122,"column":33}},"50":{"start":{"line":124,"column":6},"end":{"line":124,"column":18}},"51":{"start":{"line":128,"column":4},"end":{"line":170,"column":5}},"52":{"start":{"line":129,"column":21},"end":{"line":129,"column":29}},"53":{"start":{"line":140,"column":10},"end":{"line":140,"column":18}},"54":{"start":{"line":141,"column":25},"end":{"line":160,"column":8}},"55":{"start":{"line":162,"column":6},"end":{"line":162,"column":72}},"56":{"start":{"line":162,"column":23},"end":{"line":162,"column":72}},"57":{"start":{"line":164,"column":6},"end":{"line":167,"column":9}},"58":{"start":{"line":169,"column":6},"end":{"line":169,"column":18}},"59":{"start":{"line":173,"column":4},"end":{"line":210,"column":5}},"60":{"start":{"line":187,"column":10},"end":{"line":187,"column":18}},"61":{"start":{"line":188,"column":6},"end":{"line":204,"column":8}},"62":{"start":{"line":205,"column":6},"end":{"line":207,"column":79}},"63":{"start":{"line":209,"column":6},"end":{"line":209,"column":18}},"64":{"start":{"line":213,"column":4},"end":{"line":220,"column":5}},"65":{"start":{"line":214,"column":6},"end":{"line":214,"column":67}},"66":{"start":{"line":215,"column":6},"end":{"line":217,"column":9}},"67":{"start":{"line":219,"column":6},"end":{"line":219,"column":18}},"68":{"start":{"line":225,"column":4},"end":{"line":241,"column":5}},"69":{"start":{"line":226,"column":19},"end":{"line":237,"column":8}},"70":{"start":{"line":238,"column":6},"end":{"line":238,"column":32}},"71":{"start":{"line":240,"column":6},"end":{"line":240,"column":17}},"72":{"start":{"line":244,"column":0},"end":{"line":244,"column":28}}},"fnMap":{"0":{"name":"(anonymous_0)","decl":{"start":{"line":4,"column":2},"end":{"line":4,"column":3}},"loc":{"start":{"line":4,"column":40},"end":{"line":15,"column":3}},"line":4},"1":{"name":"(anonymous_1)","decl":{"start":{"line":16,"column":2},"end":{"line":16,"column":3}},"loc":{"start":{"line":16,"column":42},"end":{"line":24,"column":3}},"line":16},"2":{"name":"(anonymous_2)","decl":{"start":{"line":25,"column":2},"end":{"line":25,"column":3}},"loc":{"start":{"line":25,"column":39},"end":{"line":47,"column":3}},"line":25},"3":{"name":"(anonymous_3)","decl":{"start":{"line":48,"column":2},"end":{"line":48,"column":3}},"loc":{"start":{"line":48,"column":42},"end":{"line":59,"column":3}},"line":48},"4":{"name":"(anonymous_4)","decl":{"start":{"line":60,"column":2},"end":{"line":60,"column":3}},"loc":{"start":{"line":60,"column":40},"end":{"line":95,"column":3}},"line":60},"5":{"name":"(anonymous_5)","decl":{"start":{"line":96,"column":2},"end":{"line":96,"column":3}},"loc":{"start":{"line":96,"column":42},"end":{"line":106,"column":3}},"line":96},"6":{"name":"(anonymous_6)","decl":{"start":{"line":107,"column":2},"end":{"line":107,"column":3}},"loc":{"start":{"line":107,"column":42},"end":{"line":117,"column":3}},"line":107},"7":{"name":"(anonymous_7)","decl":{"start":{"line":119,"column":2},"end":{"line":119,"column":3}},"loc":{"start":{"line":119,"column":44},"end":{"line":126,"column":3}},"line":119},"8":{"name":"(anonymous_8)","decl":{"start":{"line":127,"column":2},"end":{"line":127,"column":3}},"loc":{"start":{"line":127,"column":48},"end":{"line":171,"column":3}},"line":127},"9":{"name":"(anonymous_9)","decl":{"start":{"line":172,"column":2},"end":{"line":172,"column":3}},"loc":{"start":{"line":172,"column":46},"end":{"line":211,"column":3}},"line":172},"10":{"name":"(anonymous_10)","decl":{"start":{"line":212,"column":2},"end":{"line":212,"column":3}},"loc":{"start":{"line":212,"column":48},"end":{"line":221,"column":3}},"line":212},"11":{"name":"(anonymous_11)","decl":{"start":{"line":224,"column":2},"end":{"line":224,"column":3}},"loc":{"start":{"line":224,"column":39},"end":{"line":242,"column":3}},"line":224}},"branchMap":{"0":{"loc":{"start":{"line":19,"column":6},"end":{"line":19,"column":45}},"type":"if","locations":[{"start":{"line":19,"column":6},"end":{"line":19,"column":45}},{"start":{},"end":{}}],"line":19},"1":{"loc":{"start":{"line":51,"column":6},"end":{"line":51,"column":49}},"type":"if","locations":[{"start":{"line":51,"column":6},"end":{"line":51,"column":49}},{"start":{},"end":{}}],"line":51},"2":{"loc":{"start":{"line":63,"column":6},"end":{"line":63,"column":49}},"type":"if","locations":[{"start":{"line":63,"column":6},"end":{"line":63,"column":49}},{"start":{},"end":{}}],"line":63},"3":{"loc":{"start":{"line":99,"column":6},"end":{"line":99,"column":49}},"type":"if","locations":[{"start":{"line":99,"column":6},"end":{"line":99,"column":49}},{"start":{},"end":{}}],"line":99},"4":{"loc":{"start":{"line":110,"column":6},"end":{"line":110,"column":49}},"type":"if","locations":[{"start":{"line":110,"column":6},"end":{"line":110,"column":49}},{"start":{},"end":{}}],"line":110},"5":{"loc":{"start":{"line":138,"column":8},"end":{"line":138,"column":20}},"type":"default-arg","locations":[{"start":{"line":138,"column":19},"end":{"line":138,"column":20}}],"line":138},"6":{"loc":{"start":{"line":139,"column":8},"end":{"line":139,"column":21}},"type":"default-arg","locations":[{"start":{"line":139,"column":20},"end":{"line":139,"column":21}}],"line":139},"7":{"loc":{"start":{"line":162,"column":6},"end":{"line":162,"column":72}},"type":"if","locations":[{"start":{"line":162,"column":6},"end":{"line":162,"column":72}},{"start":{},"end":{}}],"line":162}},"s":{"0":9,"1":1,"2":1,"3":1,"4":0,"5":1,"6":1,"7":1,"8":0,"9":1,"10":0,"11":1,"12":1,"13":1,"14":1,"15":0,"16":1,"17":1,"18":1,"19":0,"20":1,"21":1,"22":0,"23":1,"24":1,"25":1,"26":0,"27":1,"28":1,"29":1,"30":0,"31":1,"32":1,"33":1,"34":0,"35":1,"36":1,"37":1,"38":0,"39":1,"40":1,"41":1,"42":0,"43":1,"44":1,"45":1,"46":0,"47":1,"48":1,"49":1,"50":0,"51":1,"52":1,"53":1,"54":1,"55":1,"56":0,"57":1,"58":0,"59":1,"60":1,"61":1,"62":1,"63":0,"64":1,"65":1,"66":1,"67":0,"68":0,"69":0,"70":0,"71":0,"72":9},"f":{"0":1,"1":1,"2":1,"3":1,"4":1,"5":1,"6":1,"7":1,"8":1,"9":1,"10":1,"11":0},"b":{"0":[0,1],"1":[0,1],"2":[0,1],"3":[0,1],"4":[0,1],"5":[1],"6":[1],"7":[0,1]},"_coverageSchema":"1a1c01bbd47fc00a2c39e90264f33305004495a9","hash":"242f9a81f6d78145a236afcb1b5a7ef9cd5853bb"}
,"/Users/adibwafi/Documents/Hacktiv8/Phase3/Final Project/Savvie-Server/controllers/search.js": {"path":"/Users/adibwafi/Documents/Hacktiv8/Phase3/Final Project/Savvie-Server/controllers/search.js","statementMap":{"0":{"start":{"line":1,"column":15},"end":{"line":1,"column":35}},"1":{"start":{"line":2,"column":27},"end":{"line":2,"column":47}},"2":{"start":{"line":6,"column":4},"end":{"line":40,"column":5}},"3":{"start":{"line":7,"column":21},"end":{"line":7,"column":30}},"4":{"start":{"line":8,"column":17},"end":{"line":8,"column":19}},"5":{"start":{"line":9,"column":6},"end":{"line":11,"column":7}},"6":{"start":{"line":10,"column":8},"end":{"line":10,"column":58}},"7":{"start":{"line":12,"column":19},"end":{"line":17,"column":8}},"8":{"start":{"line":18,"column":23},"end":{"line":24,"column":8}},"9":{"start":{"line":25,"column":6},"end":{"line":29,"column":7}},"10":{"start":{"line":26,"column":8},"end":{"line":28,"column":10}},"11":{"start":{"line":30,"column":17},"end":{"line":30,"column":41}},"12":{"start":{"line":31,"column":19},"end":{"line":31,"column":28}},"13":{"start":{"line":32,"column":26},"end":{"line":36,"column":8}},"14":{"start":{"line":33,"column":26},"end":{"line":33,"column":41}},"15":{"start":{"line":34,"column":8},"end":{"line":34,"column":24}},"16":{"start":{"line":35,"column":8},"end":{"line":35,"column":26}},"17":{"start":{"line":37,"column":6},"end":{"line":37,"column":39}},"18":{"start":{"line":39,"column":6},"end":{"line":39,"column":17}},"19":{"start":{"line":44,"column":0},"end":{"line":44,"column":27}}},"fnMap":{"0":{"name":"(anonymous_0)","decl":{"start":{"line":5,"column":2},"end":{"line":5,"column":3}},"loc":{"start":{"line":5,"column":37},"end":{"line":41,"column":3}},"line":5},"1":{"name":"(anonymous_1)","decl":{"start":{"line":32,"column":38},"end":{"line":32,"column":39}},"loc":{"start":{"line":32,"column":44},"end":{"line":36,"column":7}},"line":32}},"branchMap":{"0":{"loc":{"start":{"line":9,"column":6},"end":{"line":11,"column":7}},"type":"if","locations":[{"start":{"line":9,"column":6},"end":{"line":11,"column":7}},{"start":{},"end":{}}],"line":9},"1":{"loc":{"start":{"line":25,"column":6},"end":{"line":29,"column":7}},"type":"if","locations":[{"start":{"line":25,"column":6},"end":{"line":29,"column":7}},{"start":{},"end":{}}],"line":25}},"s":{"0":9,"1":9,"2":1,"3":1,"4":1,"5":1,"6":0,"7":1,"8":1,"9":1,"10":0,"11":1,"12":1,"13":1,"14":16,"15":16,"16":16,"17":1,"18":0,"19":9},"f":{"0":1,"1":16},"b":{"0":[0,1],"1":[0,1]},"_coverageSchema":"1a1c01bbd47fc00a2c39e90264f33305004495a9","hash":"bc9cdeba387121ea2b8735725a4561951062225e"}
,"/Users/adibwafi/Documents/Hacktiv8/Phase3/Final Project/Savvie-Server/controllers/user.js": {"path":"/Users/adibwafi/Documents/Hacktiv8/Phase3/Final Project/Savvie-Server/controllers/user.js","statementMap":{"0":{"start":{"line":1,"column":24},"end":{"line":1,"column":52}},"1":{"start":{"line":2,"column":23},"end":{"line":2,"column":48}},"2":{"start":{"line":3,"column":49},"end":{"line":3,"column":69}},"3":{"start":{"line":4,"column":25},"end":{"line":4,"column":55}},"4":{"start":{"line":8,"column":4},"end":{"line":15,"column":5}},"5":{"start":{"line":9,"column":19},"end":{"line":11,"column":8}},"6":{"start":{"line":12,"column":6},"end":{"line":12,"column":33}},"7":{"start":{"line":14,"column":6},"end":{"line":14,"column":18}},"8":{"start":{"line":19,"column":4},"end":{"line":51,"column":5}},"9":{"start":{"line":28,"column":10},"end":{"line":28,"column":18}},"10":{"start":{"line":29,"column":19},"end":{"line":39,"column":8}},"11":{"start":{"line":40,"column":6},"end":{"line":43,"column":9}},"12":{"start":{"line":45,"column":6},"end":{"line":48,"column":9}},"13":{"start":{"line":50,"column":6},"end":{"line":50,"column":18}},"14":{"start":{"line":55,"column":4},"end":{"line":98,"column":5}},"15":{"start":{"line":56,"column":34},"end":{"line":56,"column":42}},"16":{"start":{"line":57,"column":6},"end":{"line":59,"column":7}},"17":{"start":{"line":58,"column":8},"end":{"line":58,"column":44}},"18":{"start":{"line":60,"column":6},"end":{"line":62,"column":7}},"19":{"start":{"line":61,"column":8},"end":{"line":61,"column":47}},"20":{"start":{"line":63,"column":19},"end":{"line":66,"column":8}},"21":{"start":{"line":67,"column":6},"end":{"line":68,"column":73}},"22":{"start":{"line":68,"column":8},"end":{"line":68,"column":73}},"23":{"start":{"line":70,"column":24},"end":{"line":70,"column":60}},"24":{"start":{"line":71,"column":6},"end":{"line":72,"column":73}},"25":{"start":{"line":72,"column":8},"end":{"line":72,"column":73}},"26":{"start":{"line":74,"column":20},"end":{"line":77,"column":7}},"27":{"start":{"line":78,"column":6},"end":{"line":95,"column":7}},"28":{"start":{"line":79,"column":8},"end":{"line":85,"column":11}},"29":{"start":{"line":87,"column":8},"end":{"line":94,"column":11}},"30":{"start":{"line":97,"column":6},"end":{"line":97,"column":18}},"31":{"start":{"line":102,"column":4},"end":{"line":142,"column":5}},"32":{"start":{"line":103,"column":22},"end":{"line":103,"column":30}},"33":{"start":{"line":104,"column":21},"end":{"line":104,"column":67}},"34":{"start":{"line":105,"column":21},"end":{"line":108,"column":8}},"35":{"start":{"line":109,"column":22},"end":{"line":109,"column":41}},"36":{"start":{"line":111,"column":32},"end":{"line":124,"column":8}},"37":{"start":{"line":126,"column":20},"end":{"line":129,"column":7}},"38":{"start":{"line":131,"column":25},"end":{"line":131,"column":46}},"39":{"start":{"line":132,"column":6},"end":{"line":139,"column":9}},"40":{"start":{"line":141,"column":6},"end":{"line":141,"column":18}},"41":{"start":{"line":146,"column":0},"end":{"line":146,"column":28}}},"fnMap":{"0":{"name":"(anonymous_0)","decl":{"start":{"line":7,"column":2},"end":{"line":7,"column":3}},"loc":{"start":{"line":7,"column":41},"end":{"line":16,"column":3}},"line":7},"1":{"name":"(anonymous_1)","decl":{"start":{"line":18,"column":2},"end":{"line":18,"column":3}},"loc":{"start":{"line":18,"column":42},"end":{"line":52,"column":3}},"line":18},"2":{"name":"(anonymous_2)","decl":{"start":{"line":54,"column":2},"end":{"line":54,"column":3}},"loc":{"start":{"line":54,"column":41},"end":{"line":99,"column":3}},"line":54},"3":{"name":"(anonymous_3)","decl":{"start":{"line":101,"column":2},"end":{"line":101,"column":3}},"loc":{"start":{"line":101,"column":47},"end":{"line":143,"column":3}},"line":101}},"branchMap":{"0":{"loc":{"start":{"line":26,"column":8},"end":{"line":26,"column":20}},"type":"default-arg","locations":[{"start":{"line":26,"column":19},"end":{"line":26,"column":20}}],"line":26},"1":{"loc":{"start":{"line":27,"column":8},"end":{"line":27,"column":21}},"type":"default-arg","locations":[{"start":{"line":27,"column":20},"end":{"line":27,"column":21}}],"line":27},"2":{"loc":{"start":{"line":57,"column":6},"end":{"line":59,"column":7}},"type":"if","locations":[{"start":{"line":57,"column":6},"end":{"line":59,"column":7}},{"start":{},"end":{}}],"line":57},"3":{"loc":{"start":{"line":60,"column":6},"end":{"line":62,"column":7}},"type":"if","locations":[{"start":{"line":60,"column":6},"end":{"line":62,"column":7}},{"start":{},"end":{}}],"line":60},"4":{"loc":{"start":{"line":67,"column":6},"end":{"line":68,"column":73}},"type":"if","locations":[{"start":{"line":67,"column":6},"end":{"line":68,"column":73}},{"start":{},"end":{}}],"line":67},"5":{"loc":{"start":{"line":71,"column":6},"end":{"line":72,"column":73}},"type":"if","locations":[{"start":{"line":71,"column":6},"end":{"line":72,"column":73}},{"start":{},"end":{}}],"line":71},"6":{"loc":{"start":{"line":78,"column":6},"end":{"line":95,"column":7}},"type":"if","locations":[{"start":{"line":78,"column":6},"end":{"line":95,"column":7}},{"start":{"line":86,"column":13},"end":{"line":95,"column":7}}],"line":78},"7":{"loc":{"start":{"line":131,"column":25},"end":{"line":131,"column":46}},"type":"cond-expr","locations":[{"start":{"line":131,"column":37},"end":{"line":131,"column":40}},{"start":{"line":131,"column":43},"end":{"line":131,"column":46}}],"line":131}},"s":{"0":9,"1":9,"2":9,"3":9,"4":1,"5":1,"6":1,"7":0,"8":7,"9":7,"10":7,"11":1,"12":1,"13":6,"14":4,"15":4,"16":4,"17":1,"18":3,"19":1,"20":2,"21":2,"22":1,"23":1,"24":1,"25":0,"26":1,"27":1,"28":1,"29":0,"30":3,"31":0,"32":0,"33":0,"34":0,"35":0,"36":0,"37":0,"38":0,"39":0,"40":0,"41":9},"f":{"0":1,"1":7,"2":4,"3":0},"b":{"0":[5],"1":[5],"2":[1,3],"3":[1,2],"4":[1,1],"5":[0,1],"6":[1,0],"7":[0,0]},"_coverageSchema":"1a1c01bbd47fc00a2c39e90264f33305004495a9","hash":"dd733e7fad99f6835c208334df79cf5b7e0952be"}
,"/Users/adibwafi/Documents/Hacktiv8/Phase3/Final Project/Savvie-Server/controllers/xendit.js": {"path":"/Users/adibwafi/Documents/Hacktiv8/Phase3/Final Project/Savvie-Server/controllers/xendit.js","statementMap":{"0":{"start":{"line":1,"column":22},"end":{"line":1,"column":46}},"1":{"start":{"line":2,"column":37},"end":{"line":2,"column":57}},"2":{"start":{"line":6,"column":4},"end":{"line":34,"column":5}},"3":{"start":{"line":7,"column":18},"end":{"line":7,"column":47}},"4":{"start":{"line":8,"column":28},"end":{"line":8,"column":36}},"5":{"start":{"line":9,"column":23},"end":{"line":9,"column":31}},"6":{"start":{"line":10,"column":25},"end":{"line":12,"column":10}},"7":{"start":{"line":13,"column":27},"end":{"line":17,"column":31}},"8":{"start":{"line":18,"column":30},"end":{"line":18,"column":98}},"9":{"start":{"line":19,"column":8},"end":{"line":25,"column":30}},"10":{"start":{"line":26,"column":8},"end":{"line":31,"column":10}},"11":{"start":{"line":33,"column":8},"end":{"line":33,"column":19}},"12":{"start":{"line":38,"column":0},"end":{"line":38,"column":27}}},"fnMap":{"0":{"name":"(anonymous_0)","decl":{"start":{"line":5,"column":2},"end":{"line":5,"column":3}},"loc":{"start":{"line":5,"column":38},"end":{"line":35,"column":3}},"line":5}},"branchMap":{},"s":{"0":9,"1":9,"2":1,"3":1,"4":1,"5":1,"6":1,"7":1,"8":1,"9":1,"10":1,"11":0,"12":9},"f":{"0":1},"b":{},"_coverageSchema":"1a1c01bbd47fc00a2c39e90264f33305004495a9","hash":"2af2fab6a755e221b1263102dbe924074786ecea"}
,"/Users/adibwafi/Documents/Hacktiv8/Phase3/Final Project/Savvie-Server/helpers/bcrypt.js": {"path":"/Users/adibwafi/Documents/Hacktiv8/Phase3/Final Project/Savvie-Server/helpers/bcrypt.js","statementMap":{"0":{"start":{"line":1,"column":15},"end":{"line":1,"column":34}},"1":{"start":{"line":3,"column":17},"end":{"line":3,"column":60}},"2":{"start":{"line":3,"column":31},"end":{"line":3,"column":60}},"3":{"start":{"line":4,"column":20},"end":{"line":4,"column":74}},"4":{"start":{"line":4,"column":40},"end":{"line":4,"column":74}},"5":{"start":{"line":6,"column":0},"end":{"line":6,"column":43}}},"fnMap":{"0":{"name":"(anonymous_0)","decl":{"start":{"line":3,"column":17},"end":{"line":3,"column":18}},"loc":{"start":{"line":3,"column":31},"end":{"line":3,"column":60}},"line":3},"1":{"name":"(anonymous_1)","decl":{"start":{"line":4,"column":20},"end":{"line":4,"column":21}},"loc":{"start":{"line":4,"column":40},"end":{"line":4,"column":74}},"line":4}},"branchMap":{},"s":{"0":9,"1":9,"2":11,"3":9,"4":1,"5":9},"f":{"0":11,"1":1},"b":{},"_coverageSchema":"1a1c01bbd47fc00a2c39e90264f33305004495a9","hash":"62a7e847e2a96f06f83d7cc4919650ae8a3dc821"}
,"/Users/adibwafi/Documents/Hacktiv8/Phase3/Final Project/Savvie-Server/helpers/jwt.js": {"path":"/Users/adibwafi/Documents/Hacktiv8/Phase3/Final Project/Savvie-Server/helpers/jwt.js","statementMap":{"0":{"start":{"line":1,"column":12},"end":{"line":1,"column":35}},"1":{"start":{"line":2,"column":18},"end":{"line":2,"column":40}},"2":{"start":{"line":4,"column":19},"end":{"line":4,"column":60}},"3":{"start":{"line":4,"column":32},"end":{"line":4,"column":60}},"4":{"start":{"line":5,"column":20},"end":{"line":5,"column":73}},"5":{"start":{"line":5,"column":38},"end":{"line":5,"column":73}},"6":{"start":{"line":7,"column":0},"end":{"line":7,"column":45}}},"fnMap":{"0":{"name":"(anonymous_0)","decl":{"start":{"line":4,"column":19},"end":{"line":4,"column":20}},"loc":{"start":{"line":4,"column":32},"end":{"line":4,"column":60}},"line":4},"1":{"name":"(anonymous_1)","decl":{"start":{"line":5,"column":20},"end":{"line":5,"column":21}},"loc":{"start":{"line":5,"column":38},"end":{"line":5,"column":73}},"line":5}},"branchMap":{},"s":{"0":9,"1":9,"2":9,"3":1,"4":9,"5":42,"6":9},"f":{"0":1,"1":42},"b":{},"_coverageSchema":"1a1c01bbd47fc00a2c39e90264f33305004495a9","hash":"fe6c2640e2e2994a494caef999e3e3d0b7acef86"}
,"/Users/adibwafi/Documents/Hacktiv8/Phase3/Final Project/Savvie-Server/middleware/authentication.js": {"path":"/Users/adibwafi/Documents/Hacktiv8/Phase3/Final Project/Savvie-Server/middleware/authentication.js","statementMap":{"0":{"start":{"line":1,"column":24},"end":{"line":1,"column":49}},"1":{"start":{"line":2,"column":29},"end":{"line":2,"column":49}},"2":{"start":{"line":4,"column":23},"end":{"line":22,"column":1}},"3":{"start":{"line":5,"column":2},"end":{"line":21,"column":3}},"4":{"start":{"line":6,"column":29},"end":{"line":6,"column":40}},"5":{"start":{"line":7,"column":4},"end":{"line":9,"column":5}},"6":{"start":{"line":8,"column":6},"end":{"line":8,"column":63}},"7":{"start":{"line":10,"column":20},"end":{"line":10,"column":69}},"8":{"start":{"line":11,"column":17},"end":{"line":11,"column":49}},"9":{"start":{"line":12,"column":4},"end":{"line":12,"column":72}},"10":{"start":{"line":12,"column":15},"end":{"line":12,"column":72}},"11":{"start":{"line":14,"column":4},"end":{"line":17,"column":6}},"12":{"start":{"line":18,"column":4},"end":{"line":18,"column":11}},"13":{"start":{"line":20,"column":4},"end":{"line":20,"column":16}},"14":{"start":{"line":24,"column":28},"end":{"line":45,"column":1}},"15":{"start":{"line":25,"column":2},"end":{"line":44,"column":3}},"16":{"start":{"line":26,"column":29},"end":{"line":26,"column":40}},"17":{"start":{"line":27,"column":4},"end":{"line":29,"column":5}},"18":{"start":{"line":28,"column":6},"end":{"line":28,"column":63}},"19":{"start":{"line":30,"column":20},"end":{"line":30,"column":69}},"20":{"start":{"line":31,"column":17},"end":{"line":33,"column":6}},"21":{"start":{"line":34,"column":4},"end":{"line":34,"column":72}},"22":{"start":{"line":34,"column":15},"end":{"line":34,"column":72}},"23":{"start":{"line":36,"column":4},"end":{"line":40,"column":6}},"24":{"start":{"line":41,"column":4},"end":{"line":41,"column":11}},"25":{"start":{"line":43,"column":4},"end":{"line":43,"column":16}},"26":{"start":{"line":48,"column":0},"end":{"line":48,"column":55}}},"fnMap":{"0":{"name":"(anonymous_0)","decl":{"start":{"line":4,"column":23},"end":{"line":4,"column":24}},"loc":{"start":{"line":4,"column":49},"end":{"line":22,"column":1}},"line":4},"1":{"name":"(anonymous_1)","decl":{"start":{"line":24,"column":28},"end":{"line":24,"column":29}},"loc":{"start":{"line":24,"column":54},"end":{"line":45,"column":1}},"line":24}},"branchMap":{"0":{"loc":{"start":{"line":7,"column":4},"end":{"line":9,"column":5}},"type":"if","locations":[{"start":{"line":7,"column":4},"end":{"line":9,"column":5}},{"start":{},"end":{}}],"line":7},"1":{"loc":{"start":{"line":12,"column":4},"end":{"line":12,"column":72}},"type":"if","locations":[{"start":{"line":12,"column":4},"end":{"line":12,"column":72}},{"start":{},"end":{}}],"line":12},"2":{"loc":{"start":{"line":27,"column":4},"end":{"line":29,"column":5}},"type":"if","locations":[{"start":{"line":27,"column":4},"end":{"line":29,"column":5}},{"start":{},"end":{}}],"line":27},"3":{"loc":{"start":{"line":34,"column":4},"end":{"line":34,"column":72}},"type":"if","locations":[{"start":{"line":34,"column":4},"end":{"line":34,"column":72}},{"start":{},"end":{}}],"line":34}},"s":{"0":9,"1":9,"2":9,"3":17,"4":17,"5":17,"6":0,"7":17,"8":9,"9":9,"10":0,"11":9,"12":9,"13":8,"14":9,"15":25,"16":25,"17":25,"18":0,"19":25,"20":15,"21":15,"22":0,"23":15,"24":15,"25":10,"26":9},"f":{"0":17,"1":25},"b":{"0":[0,17],"1":[0,9],"2":[0,25],"3":[0,15]},"_coverageSchema":"1a1c01bbd47fc00a2c39e90264f33305004495a9","hash":"524a22cfc3f43f0794924eb3481311f6f52f45ba"}
,"/Users/adibwafi/Documents/Hacktiv8/Phase3/Final Project/Savvie-Server/middleware/authorization.js": {"path":"/Users/adibwafi/Documents/Hacktiv8/Phase3/Final Project/Savvie-Server/middleware/authorization.js","statementMap":{"0":{"start":{"line":1,"column":28},"end":{"line":1,"column":48}},"1":{"start":{"line":3,"column":22},"end":{"line":18,"column":1}},"2":{"start":{"line":4,"column":2},"end":{"line":17,"column":3}},"3":{"start":{"line":5,"column":19},"end":{"line":5,"column":29}},"4":{"start":{"line":6,"column":29},"end":{"line":6,"column":37}},"5":{"start":{"line":7,"column":22},"end":{"line":7,"column":50}},"6":{"start":{"line":8,"column":4},"end":{"line":8,"column":73}},"7":{"start":{"line":8,"column":20},"end":{"line":8,"column":73}},"8":{"start":{"line":10,"column":4},"end":{"line":14,"column":5}},"9":{"start":{"line":11,"column":6},"end":{"line":11,"column":13}},"10":{"start":{"line":13,"column":6},"end":{"line":13,"column":65}},"11":{"start":{"line":16,"column":4},"end":{"line":16,"column":16}},"12":{"start":{"line":20,"column":27},"end":{"line":35,"column":1}},"13":{"start":{"line":21,"column":2},"end":{"line":34,"column":3}},"14":{"start":{"line":22,"column":19},"end":{"line":22,"column":29}},"15":{"start":{"line":23,"column":34},"end":{"line":23,"column":42}},"16":{"start":{"line":24,"column":17},"end":{"line":24,"column":40}},"17":{"start":{"line":25,"column":4},"end":{"line":25,"column":68}},"18":{"start":{"line":25,"column":15},"end":{"line":25,"column":68}},"19":{"start":{"line":27,"column":4},"end":{"line":31,"column":5}},"20":{"start":{"line":28,"column":6},"end":{"line":28,"column":13}},"21":{"start":{"line":30,"column":6},"end":{"line":30,"column":65}},"22":{"start":{"line":33,"column":4},"end":{"line":33,"column":16}},"23":{"start":{"line":37,"column":0},"end":{"line":37,"column":53}}},"fnMap":{"0":{"name":"(anonymous_0)","decl":{"start":{"line":3,"column":22},"end":{"line":3,"column":23}},"loc":{"start":{"line":3,"column":48},"end":{"line":18,"column":1}},"line":3},"1":{"name":"(anonymous_1)","decl":{"start":{"line":20,"column":27},"end":{"line":20,"column":28}},"loc":{"start":{"line":20,"column":53},"end":{"line":35,"column":1}},"line":20}},"branchMap":{"0":{"loc":{"start":{"line":8,"column":4},"end":{"line":8,"column":73}},"type":"if","locations":[{"start":{"line":8,"column":4},"end":{"line":8,"column":73}},{"start":{},"end":{}}],"line":8},"1":{"loc":{"start":{"line":10,"column":4},"end":{"line":14,"column":5}},"type":"if","locations":[{"start":{"line":10,"column":4},"end":{"line":14,"column":5}},{"start":{"line":12,"column":11},"end":{"line":14,"column":5}}],"line":10},"2":{"loc":{"start":{"line":25,"column":4},"end":{"line":25,"column":68}},"type":"if","locations":[{"start":{"line":25,"column":4},"end":{"line":25,"column":68}},{"start":{},"end":{}}],"line":25},"3":{"loc":{"start":{"line":27,"column":4},"end":{"line":31,"column":5}},"type":"if","locations":[{"start":{"line":27,"column":4},"end":{"line":31,"column":5}},{"start":{"line":29,"column":11},"end":{"line":31,"column":5}}],"line":27}},"s":{"0":9,"1":9,"2":2,"3":2,"4":2,"5":2,"6":2,"7":1,"8":1,"9":1,"10":0,"11":1,"12":9,"13":10,"14":10,"15":10,"16":10,"17":10,"18":5,"19":5,"20":5,"21":0,"22":5,"23":9},"f":{"0":2,"1":10},"b":{"0":[1,1],"1":[1,0],"2":[5,5],"3":[5,0]},"_coverageSchema":"1a1c01bbd47fc00a2c39e90264f33305004495a9","hash":"904180e297faf429a4f4ebad0ccccdf2d3302ed1"}
,"/Users/adibwafi/Documents/Hacktiv8/Phase3/Final Project/Savvie-Server/middleware/errorHandler.js": {"path":"/Users/adibwafi/Documents/Hacktiv8/Phase3/Final Project/Savvie-Server/middleware/errorHandler.js","statementMap":{"0":{"start":{"line":1,"column":21},"end":{"line":40,"column":1}},"1":{"start":{"line":2,"column":13},"end":{"line":2,"column":16}},"2":{"start":{"line":3,"column":16},"end":{"line":3,"column":39}},"3":{"start":{"line":4,"column":2},"end":{"line":4,"column":19}},"4":{"start":{"line":6,"column":2},"end":{"line":36,"column":3}},"5":{"start":{"line":10,"column":4},"end":{"line":10,"column":15}},"6":{"start":{"line":11,"column":4},"end":{"line":11,"column":36}},"7":{"start":{"line":12,"column":9},"end":{"line":36,"column":3}},"8":{"start":{"line":13,"column":4},"end":{"line":13,"column":15}},"9":{"start":{"line":14,"column":4},"end":{"line":14,"column":46}},"10":{"start":{"line":15,"column":9},"end":{"line":36,"column":3}},"11":{"start":{"line":16,"column":4},"end":{"line":16,"column":15}},"12":{"start":{"line":17,"column":4},"end":{"line":17,"column":30}},"13":{"start":{"line":18,"column":9},"end":{"line":36,"column":3}},"14":{"start":{"line":19,"column":4},"end":{"line":19,"column":15}},"15":{"start":{"line":20,"column":4},"end":{"line":20,"column":30}},"16":{"start":{"line":21,"column":9},"end":{"line":36,"column":3}},"17":{"start":{"line":22,"column":4},"end":{"line":22,"column":15}},"18":{"start":{"line":23,"column":4},"end":{"line":23,"column":42}},"19":{"start":{"line":24,"column":9},"end":{"line":36,"column":3}},"20":{"start":{"line":25,"column":4},"end":{"line":25,"column":15}},"21":{"start":{"line":26,"column":4},"end":{"line":26,"column":34}},"22":{"start":{"line":27,"column":9},"end":{"line":36,"column":3}},"23":{"start":{"line":28,"column":4},"end":{"line":28,"column":15}},"24":{"start":{"line":29,"column":4},"end":{"line":29,"column":37}},"25":{"start":{"line":30,"column":9},"end":{"line":36,"column":3}},"26":{"start":{"line":31,"column":4},"end":{"line":31,"column":15}},"27":{"start":{"line":32,"column":4},"end":{"line":32,"column":35}},"28":{"start":{"line":33,"column":9},"end":{"line":36,"column":3}},"29":{"start":{"line":34,"column":4},"end":{"line":34,"column":15}},"30":{"start":{"line":35,"column":4},"end":{"line":35,"column":37}},"31":{"start":{"line":37,"column":2},"end":{"line":39,"column":5}},"32":{"start":{"line":42,"column":0},"end":{"line":42,"column":30}}},"fnMap":{"0":{"name":"(anonymous_0)","decl":{"start":{"line":1,"column":21},"end":{"line":1,"column":22}},"loc":{"start":{"line":1,"column":52},"end":{"line":40,"column":1}},"line":1}},"branchMap":{"0":{"loc":{"start":{"line":6,"column":2},"end":{"line":36,"column":3}},"type":"if","locations":[{"start":{"line":6,"column":2},"end":{"line":36,"column":3}},{"start":{"line":12,"column":9},"end":{"line":36,"column":3}}],"line":6},"1":{"loc":{"start":{"line":7,"column":4},"end":{"line":8,"column":49}},"type":"binary-expr","locations":[{"start":{"line":7,"column":4},"end":{"line":7,"column":43}},{"start":{"line":8,"column":4},"end":{"line":8,"column":49}}],"line":7},"2":{"loc":{"start":{"line":12,"column":9},"end":{"line":36,"column":3}},"type":"if","locations":[{"start":{"line":12,"column":9},"end":{"line":36,"column":3}},{"start":{"line":15,"column":9},"end":{"line":36,"column":3}}],"line":12},"3":{"loc":{"start":{"line":15,"column":9},"end":{"line":36,"column":3}},"type":"if","locations":[{"start":{"line":15,"column":9},"end":{"line":36,"column":3}},{"start":{"line":18,"column":9},"end":{"line":36,"column":3}}],"line":15},"4":{"loc":{"start":{"line":18,"column":9},"end":{"line":36,"column":3}},"type":"if","locations":[{"start":{"line":18,"column":9},"end":{"line":36,"column":3}},{"start":{"line":21,"column":9},"end":{"line":36,"column":3}}],"line":18},"5":{"loc":{"start":{"line":21,"column":9},"end":{"line":36,"column":3}},"type":"if","locations":[{"start":{"line":21,"column":9},"end":{"line":36,"column":3}},{"start":{"line":24,"column":9},"end":{"line":36,"column":3}}],"line":21},"6":{"loc":{"start":{"line":24,"column":9},"end":{"line":36,"column":3}},"type":"if","locations":[{"start":{"line":24,"column":9},"end":{"line":36,"column":3}},{"start":{"line":27,"column":9},"end":{"line":36,"column":3}}],"line":24},"7":{"loc":{"start":{"line":27,"column":9},"end":{"line":36,"column":3}},"type":"if","locations":[{"start":{"line":27,"column":9},"end":{"line":36,"column":3}},{"start":{"line":30,"column":9},"end":{"line":36,"column":3}}],"line":27},"8":{"loc":{"start":{"line":30,"column":9},"end":{"line":36,"column":3}},"type":"if","locations":[{"start":{"line":30,"column":9},"end":{"line":36,"column":3}},{"start":{"line":33,"column":9},"end":{"line":36,"column":3}}],"line":30},"9":{"loc":{"start":{"line":33,"column":9},"end":{"line":36,"column":3}},"type":"if","locations":[{"start":{"line":33,"column":9},"end":{"line":36,"column":3}},{"start":{},"end":{}}],"line":33}},"s":{"0":9,"1":36,"2":36,"3":36,"4":36,"5":6,"6":6,"7":30,"8":0,"9":0,"10":30,"11":0,"12":0,"13":30,"14":18,"15":18,"16":12,"17":1,"18":1,"19":11,"20":1,"21":1,"22":10,"23":1,"24":1,"25":9,"26":0,"27":0,"28":9,"29":9,"30":9,"31":36,"32":9},"f":{"0":36},"b":{"0":[6,30],"1":[36,31],"2":[0,30],"3":[0,30],"4":[18,12],"5":[1,11],"6":[1,10],"7":[1,9],"8":[0,9],"9":[9,0]},"_coverageSchema":"1a1c01bbd47fc00a2c39e90264f33305004495a9","hash":"3430949c8be34b61c674c603106f6c24474823b3"}
,"/Users/adibwafi/Documents/Hacktiv8/Phase3/Final Project/Savvie-Server/models/balance.js": {"path":"/Users/adibwafi/Documents/Hacktiv8/Phase3/Final Project/Savvie-Server/models/balance.js","statementMap":{"0":{"start":{"line":4,"column":4},"end":{"line":4,"column":24}},"1":{"start":{"line":5,"column":0},"end":{"line":25,"column":2}},"2":{"start":{"line":14,"column":6},"end":{"line":14,"column":37}},"3":{"start":{"line":17,"column":2},"end":{"line":23,"column":5}},"4":{"start":{"line":24,"column":2},"end":{"line":24,"column":17}}},"fnMap":{"0":{"name":"(anonymous_0)","decl":{"start":{"line":5,"column":17},"end":{"line":5,"column":18}},"loc":{"start":{"line":5,"column":43},"end":{"line":25,"column":1}},"line":5},"1":{"name":"(anonymous_1)","decl":{"start":{"line":12,"column":4},"end":{"line":12,"column":5}},"loc":{"start":{"line":12,"column":29},"end":{"line":15,"column":5}},"line":12}},"branchMap":{},"s":{"0":9,"1":9,"2":9,"3":9,"4":9},"f":{"0":9,"1":9},"b":{},"_coverageSchema":"1a1c01bbd47fc00a2c39e90264f33305004495a9","hash":"90cc82d2b7040621272cedb3dbdcb29c89415ed1"}
,"/Users/adibwafi/Documents/Hacktiv8/Phase3/Final Project/Savvie-Server/models/basket.js": {"path":"/Users/adibwafi/Documents/Hacktiv8/Phase3/Final Project/Savvie-Server/models/basket.js","statementMap":{"0":{"start":{"line":2,"column":18},"end":{"line":2,"column":38}},"1":{"start":{"line":3,"column":0},"end":{"line":37,"column":2}},"2":{"start":{"line":6,"column":6},"end":{"line":6,"column":36}},"3":{"start":{"line":7,"column":6},"end":{"line":7,"column":36}},"4":{"start":{"line":10,"column":2},"end":{"line":35,"column":4}},"5":{"start":{"line":36,"column":2},"end":{"line":36,"column":16}}},"fnMap":{"0":{"name":"(anonymous_0)","decl":{"start":{"line":3,"column":17},"end":{"line":3,"column":18}},"loc":{"start":{"line":3,"column":43},"end":{"line":37,"column":1}},"line":3},"1":{"name":"(anonymous_1)","decl":{"start":{"line":5,"column":4},"end":{"line":5,"column":5}},"loc":{"start":{"line":5,"column":29},"end":{"line":8,"column":5}},"line":5}},"branchMap":{},"s":{"0":9,"1":9,"2":9,"3":9,"4":9,"5":9},"f":{"0":9,"1":9},"b":{},"_coverageSchema":"1a1c01bbd47fc00a2c39e90264f33305004495a9","hash":"cf0bdf537632e7afdbf9718686634201bfa3c2a6"}
,"/Users/adibwafi/Documents/Hacktiv8/Phase3/Final Project/Savvie-Server/models/category.js": {"path":"/Users/adibwafi/Documents/Hacktiv8/Phase3/Final Project/Savvie-Server/models/category.js","statementMap":{"0":{"start":{"line":2,"column":18},"end":{"line":2,"column":38}},"1":{"start":{"line":3,"column":0},"end":{"line":43,"column":2}},"2":{"start":{"line":6,"column":6},"end":{"line":6,"column":35}},"3":{"start":{"line":7,"column":6},"end":{"line":7,"column":45}},"4":{"start":{"line":10,"column":2},"end":{"line":41,"column":4}},"5":{"start":{"line":42,"column":2},"end":{"line":42,"column":18}}},"fnMap":{"0":{"name":"(anonymous_0)","decl":{"start":{"line":3,"column":17},"end":{"line":3,"column":18}},"loc":{"start":{"line":3,"column":43},"end":{"line":43,"column":1}},"line":3},"1":{"name":"(anonymous_1)","decl":{"start":{"line":5,"column":4},"end":{"line":5,"column":5}},"loc":{"start":{"line":5,"column":29},"end":{"line":8,"column":5}},"line":5}},"branchMap":{},"s":{"0":9,"1":9,"2":9,"3":9,"4":9,"5":9},"f":{"0":9,"1":9},"b":{},"_coverageSchema":"1a1c01bbd47fc00a2c39e90264f33305004495a9","hash":"8ec4d6fafd80da1ccb39e32b5250aa1d15c38796"}
,"/Users/adibwafi/Documents/Hacktiv8/Phase3/Final Project/Savvie-Server/models/categoryresto.js": {"path":"/Users/adibwafi/Documents/Hacktiv8/Phase3/Final Project/Savvie-Server/models/categoryresto.js","statementMap":{"0":{"start":{"line":2,"column":18},"end":{"line":2,"column":38}},"1":{"start":{"line":3,"column":0},"end":{"line":26,"column":2}},"2":{"start":{"line":6,"column":6},"end":{"line":6,"column":47}},"3":{"start":{"line":9,"column":2},"end":{"line":24,"column":4}},"4":{"start":{"line":25,"column":2},"end":{"line":25,"column":23}}},"fnMap":{"0":{"name":"(anonymous_0)","decl":{"start":{"line":3,"column":17},"end":{"line":3,"column":18}},"loc":{"start":{"line":3,"column":43},"end":{"line":26,"column":1}},"line":3},"1":{"name":"(anonymous_1)","decl":{"start":{"line":5,"column":4},"end":{"line":5,"column":5}},"loc":{"start":{"line":5,"column":29},"end":{"line":7,"column":5}},"line":5}},"branchMap":{},"s":{"0":9,"1":9,"2":9,"3":9,"4":9},"f":{"0":9,"1":9},"b":{},"_coverageSchema":"1a1c01bbd47fc00a2c39e90264f33305004495a9","hash":"959622a07e20e7b55730fb0eadc2ce647de997ca"}
,"/Users/adibwafi/Documents/Hacktiv8/Phase3/Final Project/Savvie-Server/models/favourite.js": {"path":"/Users/adibwafi/Documents/Hacktiv8/Phase3/Final Project/Savvie-Server/models/favourite.js","statementMap":{"0":{"start":{"line":2,"column":18},"end":{"line":2,"column":38}},"1":{"start":{"line":3,"column":0},"end":{"line":27,"column":2}},"2":{"start":{"line":6,"column":6},"end":{"line":6,"column":39}},"3":{"start":{"line":7,"column":6},"end":{"line":7,"column":39}},"4":{"start":{"line":10,"column":2},"end":{"line":25,"column":4}},"5":{"start":{"line":26,"column":2},"end":{"line":26,"column":19}}},"fnMap":{"0":{"name":"(anonymous_0)","decl":{"start":{"line":3,"column":17},"end":{"line":3,"column":18}},"loc":{"start":{"line":3,"column":43},"end":{"line":27,"column":1}},"line":3},"1":{"name":"(anonymous_1)","decl":{"start":{"line":5,"column":4},"end":{"line":5,"column":5}},"loc":{"start":{"line":5,"column":29},"end":{"line":8,"column":5}},"line":5}},"branchMap":{},"s":{"0":9,"1":9,"2":9,"3":9,"4":9,"5":9},"f":{"0":9,"1":9},"b":{},"_coverageSchema":"1a1c01bbd47fc00a2c39e90264f33305004495a9","hash":"90d3da5eda156cb0a5894b99c0387703b9ae3ed7"}
,"/Users/adibwafi/Documents/Hacktiv8/Phase3/Final Project/Savvie-Server/models/food.js": {"path":"/Users/adibwafi/Documents/Hacktiv8/Phase3/Final Project/Savvie-Server/models/food.js","statementMap":{"0":{"start":{"line":2,"column":18},"end":{"line":2,"column":38}},"1":{"start":{"line":3,"column":0},"end":{"line":142,"column":2}},"2":{"start":{"line":6,"column":6},"end":{"line":6,"column":38}},"3":{"start":{"line":7,"column":6},"end":{"line":7,"column":40}},"4":{"start":{"line":8,"column":6},"end":{"line":8,"column":37}},"5":{"start":{"line":9,"column":6},"end":{"line":9,"column":34}},"6":{"start":{"line":10,"column":6},"end":{"line":10,"column":37}},"7":{"start":{"line":13,"column":2},"end":{"line":140,"column":4}},"8":{"start":{"line":141,"column":2},"end":{"line":141,"column":14}}},"fnMap":{"0":{"name":"(anonymous_0)","decl":{"start":{"line":3,"column":17},"end":{"line":3,"column":18}},"loc":{"start":{"line":3,"column":43},"end":{"line":142,"column":1}},"line":3},"1":{"name":"(anonymous_1)","decl":{"start":{"line":5,"column":4},"end":{"line":5,"column":5}},"loc":{"start":{"line":5,"column":29},"end":{"line":11,"column":5}},"line":5}},"branchMap":{},"s":{"0":9,"1":9,"2":9,"3":9,"4":9,"5":9,"6":9,"7":9,"8":9},"f":{"0":9,"1":9},"b":{},"_coverageSchema":"1a1c01bbd47fc00a2c39e90264f33305004495a9","hash":"474185221e81c0ce3d32ad5ebaaf5185338e07b4"}
,"/Users/adibwafi/Documents/Hacktiv8/Phase3/Final Project/Savvie-Server/models/index.js": {"path":"/Users/adibwafi/Documents/Hacktiv8/Phase3/Final Project/Savvie-Server/models/index.js","statementMap":{"0":{"start":{"line":3,"column":11},"end":{"line":3,"column":24}},"1":{"start":{"line":4,"column":13},"end":{"line":4,"column":28}},"2":{"start":{"line":5,"column":18},"end":{"line":5,"column":38}},"3":{"start":{"line":6,"column":17},"end":{"line":6,"column":42}},"4":{"start":{"line":7,"column":12},"end":{"line":7,"column":49}},"5":{"start":{"line":8,"column":15},"end":{"line":8,"column":65}},"6":{"start":{"line":9,"column":11},"end":{"line":9,"column":13}},"7":{"start":{"line":12,"column":0},"end":{"line":16,"column":1}},"8":{"start":{"line":13,"column":2},"end":{"line":13,"column":74}},"9":{"start":{"line":15,"column":2},"end":{"line":15,"column":87}},"10":{"start":{"line":18,"column":0},"end":{"line":26,"column":5}},"11":{"start":{"line":21,"column":4},"end":{"line":21,"column":90}},"12":{"start":{"line":24,"column":18},"end":{"line":24,"column":85}},"13":{"start":{"line":25,"column":4},"end":{"line":25,"column":27}},"14":{"start":{"line":28,"column":0},"end":{"line":32,"column":3}},"15":{"start":{"line":29,"column":2},"end":{"line":31,"column":3}},"16":{"start":{"line":30,"column":4},"end":{"line":30,"column":32}},"17":{"start":{"line":34,"column":0},"end":{"line":34,"column":25}},"18":{"start":{"line":35,"column":0},"end":{"line":35,"column":25}},"19":{"start":{"line":37,"column":0},"end":{"line":37,"column":20}}},"fnMap":{"0":{"name":"(anonymous_0)","decl":{"start":{"line":20,"column":10},"end":{"line":20,"column":11}},"loc":{"start":{"line":20,"column":18},"end":{"line":22,"column":3}},"line":20},"1":{"name":"(anonymous_1)","decl":{"start":{"line":23,"column":11},"end":{"line":23,"column":12}},"loc":{"start":{"line":23,"column":19},"end":{"line":26,"column":3}},"line":23},"2":{"name":"(anonymous_2)","decl":{"start":{"line":28,"column":24},"end":{"line":28,"column":25}},"loc":{"start":{"line":28,"column":37},"end":{"line":32,"column":1}},"line":28}},"branchMap":{"0":{"loc":{"start":{"line":7,"column":12},"end":{"line":7,"column":49}},"type":"binary-expr","locations":[{"start":{"line":7,"column":12},"end":{"line":7,"column":32}},{"start":{"line":7,"column":36},"end":{"line":7,"column":49}}],"line":7},"1":{"loc":{"start":{"line":12,"column":0},"end":{"line":16,"column":1}},"type":"if","locations":[{"start":{"line":12,"column":0},"end":{"line":16,"column":1}},{"start":{"line":14,"column":7},"end":{"line":16,"column":1}}],"line":12},"2":{"loc":{"start":{"line":21,"column":11},"end":{"line":21,"column":89}},"type":"binary-expr","locations":[{"start":{"line":21,"column":12},"end":{"line":21,"column":35}},{"start":{"line":21,"column":41},"end":{"line":21,"column":58}},{"start":{"line":21,"column":64},"end":{"line":21,"column":88}}],"line":21},"3":{"loc":{"start":{"line":29,"column":2},"end":{"line":31,"column":3}},"type":"if","locations":[{"start":{"line":29,"column":2},"end":{"line":31,"column":3}},{"start":{},"end":{}}],"line":29}},"s":{"0":9,"1":9,"2":9,"3":9,"4":9,"5":9,"6":9,"7":9,"8":0,"9":9,"10":9,"11":99,"12":90,"13":90,"14":9,"15":90,"16":90,"17":9,"18":9,"19":9},"f":{"0":99,"1":90,"2":90},"b":{"0":[9,0],"1":[0,9],"2":[99,99,90],"3":[90,0]},"_coverageSchema":"1a1c01bbd47fc00a2c39e90264f33305004495a9","hash":"fc98acf4adc6c1a5fef0434c53b446b6e2b817d9"}
,"/Users/adibwafi/Documents/Hacktiv8/Phase3/Final Project/Savvie-Server/models/orderitem.js": {"path":"/Users/adibwafi/Documents/Hacktiv8/Phase3/Final Project/Savvie-Server/models/orderitem.js","statementMap":{"0":{"start":{"line":2,"column":18},"end":{"line":2,"column":38}},"1":{"start":{"line":3,"column":0},"end":{"line":61,"column":2}},"2":{"start":{"line":12,"column":6},"end":{"line":12,"column":42}},"3":{"start":{"line":13,"column":6},"end":{"line":13,"column":39}},"4":{"start":{"line":16,"column":2},"end":{"line":59,"column":4}},"5":{"start":{"line":60,"column":2},"end":{"line":60,"column":19}}},"fnMap":{"0":{"name":"(anonymous_0)","decl":{"start":{"line":3,"column":17},"end":{"line":3,"column":18}},"loc":{"start":{"line":3,"column":43},"end":{"line":61,"column":1}},"line":3},"1":{"name":"(anonymous_1)","decl":{"start":{"line":10,"column":4},"end":{"line":10,"column":5}},"loc":{"start":{"line":10,"column":29},"end":{"line":14,"column":5}},"line":10}},"branchMap":{},"s":{"0":9,"1":9,"2":9,"3":9,"4":9,"5":9},"f":{"0":9,"1":9},"b":{},"_coverageSchema":"1a1c01bbd47fc00a2c39e90264f33305004495a9","hash":"14a77878bffbc98ab74841fd0fff4388949d0bc1"}
,"/Users/adibwafi/Documents/Hacktiv8/Phase3/Final Project/Savvie-Server/models/payment.js": {"path":"/Users/adibwafi/Documents/Hacktiv8/Phase3/Final Project/Savvie-Server/models/payment.js","statementMap":{"0":{"start":{"line":2,"column":18},"end":{"line":2,"column":38}},"1":{"start":{"line":3,"column":0},"end":{"line":77,"column":2}},"2":{"start":{"line":12,"column":6},"end":{"line":12,"column":37}},"3":{"start":{"line":13,"column":6},"end":{"line":13,"column":40}},"4":{"start":{"line":16,"column":2},"end":{"line":75,"column":4}},"5":{"start":{"line":76,"column":2},"end":{"line":76,"column":17}}},"fnMap":{"0":{"name":"(anonymous_0)","decl":{"start":{"line":3,"column":17},"end":{"line":3,"column":18}},"loc":{"start":{"line":3,"column":43},"end":{"line":77,"column":1}},"line":3},"1":{"name":"(anonymous_1)","decl":{"start":{"line":10,"column":4},"end":{"line":10,"column":5}},"loc":{"start":{"line":10,"column":29},"end":{"line":14,"column":5}},"line":10}},"branchMap":{},"s":{"0":9,"1":9,"2":9,"3":9,"4":9,"5":9},"f":{"0":9,"1":9},"b":{},"_coverageSchema":"1a1c01bbd47fc00a2c39e90264f33305004495a9","hash":"38780de2272c150ccf845777231aae014a7f469a"}
,"/Users/adibwafi/Documents/Hacktiv8/Phase3/Final Project/Savvie-Server/models/restaurant.js": {"path":"/Users/adibwafi/Documents/Hacktiv8/Phase3/Final Project/Savvie-Server/models/restaurant.js","statementMap":{"0":{"start":{"line":2,"column":18},"end":{"line":2,"column":38}},"1":{"start":{"line":3,"column":0},"end":{"line":192,"column":2}},"2":{"start":{"line":6,"column":6},"end":{"line":6,"column":47}},"3":{"start":{"line":7,"column":6},"end":{"line":7,"column":38}},"4":{"start":{"line":8,"column":6},"end":{"line":8,"column":40}},"5":{"start":{"line":11,"column":2},"end":{"line":190,"column":4}},"6":{"start":{"line":191,"column":2},"end":{"line":191,"column":20}}},"fnMap":{"0":{"name":"(anonymous_0)","decl":{"start":{"line":3,"column":17},"end":{"line":3,"column":18}},"loc":{"start":{"line":3,"column":43},"end":{"line":192,"column":1}},"line":3},"1":{"name":"(anonymous_1)","decl":{"start":{"line":5,"column":4},"end":{"line":5,"column":5}},"loc":{"start":{"line":5,"column":29},"end":{"line":9,"column":5}},"line":5}},"branchMap":{},"s":{"0":9,"1":9,"2":9,"3":9,"4":9,"5":9,"6":9},"f":{"0":9,"1":9},"b":{},"_coverageSchema":"1a1c01bbd47fc00a2c39e90264f33305004495a9","hash":"16bf5831fc532ef25cb109e1d230c3b2ff07b424"}
,"/Users/adibwafi/Documents/Hacktiv8/Phase3/Final Project/Savvie-Server/models/user.js": {"path":"/Users/adibwafi/Documents/Hacktiv8/Phase3/Final Project/Savvie-Server/models/user.js","statementMap":{"0":{"start":{"line":2,"column":18},"end":{"line":2,"column":38}},"1":{"start":{"line":3,"column":15},"end":{"line":3,"column":34}},"2":{"start":{"line":4,"column":21},"end":{"line":4,"column":49}},"3":{"start":{"line":5,"column":0},"end":{"line":123,"column":2}},"4":{"start":{"line":8,"column":6},"end":{"line":8,"column":37}},"5":{"start":{"line":9,"column":6},"end":{"line":9,"column":37}},"6":{"start":{"line":10,"column":6},"end":{"line":10,"column":34}},"7":{"start":{"line":11,"column":6},"end":{"line":11,"column":35}},"8":{"start":{"line":12,"column":6},"end":{"line":12,"column":34}},"9":{"start":{"line":15,"column":2},"end":{"line":117,"column":4}},"10":{"start":{"line":118,"column":2},"end":{"line":121,"column":5}},"11":{"start":{"line":119,"column":4},"end":{"line":119,"column":40}},"12":{"start":{"line":120,"column":4},"end":{"line":120,"column":68}},"13":{"start":{"line":122,"column":2},"end":{"line":122,"column":14}}},"fnMap":{"0":{"name":"(anonymous_0)","decl":{"start":{"line":5,"column":17},"end":{"line":5,"column":18}},"loc":{"start":{"line":5,"column":43},"end":{"line":123,"column":1}},"line":5},"1":{"name":"(anonymous_1)","decl":{"start":{"line":7,"column":4},"end":{"line":7,"column":5}},"loc":{"start":{"line":7,"column":29},"end":{"line":13,"column":5}},"line":7},"2":{"name":"(anonymous_2)","decl":{"start":{"line":118,"column":20},"end":{"line":118,"column":21}},"loc":{"start":{"line":118,"column":28},"end":{"line":121,"column":3}},"line":118}},"branchMap":{},"s":{"0":9,"1":9,"2":9,"3":9,"4":9,"5":9,"6":9,"7":9,"8":9,"9":9,"10":9,"11":2,"12":2,"13":9},"f":{"0":9,"1":9,"2":2},"b":{},"_coverageSchema":"1a1c01bbd47fc00a2c39e90264f33305004495a9","hash":"55703c0d73eb050a80e0f61e173044febcbe9c5a"}
,"/Users/adibwafi/Documents/Hacktiv8/Phase3/Final Project/Savvie-Server/routes/category.js": {"path":"/Users/adibwafi/Documents/Hacktiv8/Phase3/Final Project/Savvie-Server/routes/category.js","statementMap":{"0":{"start":{"line":1,"column":16},"end":{"line":1,"column":34}},"1":{"start":{"line":2,"column":15},"end":{"line":2,"column":31}},"2":{"start":{"line":3,"column":17},"end":{"line":3,"column":51}},"3":{"start":{"line":5,"column":0},"end":{"line":5,"column":38}},"4":{"start":{"line":6,"column":0},"end":{"line":6,"column":45}},"5":{"start":{"line":8,"column":0},"end":{"line":8,"column":24}}},"fnMap":{},"branchMap":{},"s":{"0":9,"1":9,"2":9,"3":9,"4":9,"5":9},"f":{},"b":{},"_coverageSchema":"1a1c01bbd47fc00a2c39e90264f33305004495a9","hash":"bfe4111403af63ca2886a6417c7ebd7be9980788"}
,"/Users/adibwafi/Documents/Hacktiv8/Phase3/Final Project/Savvie-Server/routes/checkout.js": {"path":"/Users/adibwafi/Documents/Hacktiv8/Phase3/Final Project/Savvie-Server/routes/checkout.js","statementMap":{"0":{"start":{"line":1,"column":16},"end":{"line":1,"column":34}},"1":{"start":{"line":2,"column":15},"end":{"line":2,"column":31}},"2":{"start":{"line":3,"column":17},"end":{"line":3,"column":51}},"3":{"start":{"line":4,"column":27},"end":{"line":4,"column":66}},"4":{"start":{"line":6,"column":0},"end":{"line":6,"column":26}},"5":{"start":{"line":7,"column":0},"end":{"line":7,"column":45}},"6":{"start":{"line":8,"column":0},"end":{"line":8,"column":35}},"7":{"start":{"line":10,"column":0},"end":{"line":10,"column":24}}},"fnMap":{},"branchMap":{},"s":{"0":9,"1":9,"2":9,"3":9,"4":9,"5":9,"6":9,"7":9},"f":{},"b":{},"_coverageSchema":"1a1c01bbd47fc00a2c39e90264f33305004495a9","hash":"d333304f0918e4ea115c1d656695383eb6be6781"}
,"/Users/adibwafi/Documents/Hacktiv8/Phase3/Final Project/Savvie-Server/routes/favourite.js": {"path":"/Users/adibwafi/Documents/Hacktiv8/Phase3/Final Project/Savvie-Server/routes/favourite.js","statementMap":{"0":{"start":{"line":1,"column":16},"end":{"line":1,"column":34}},"1":{"start":{"line":2,"column":15},"end":{"line":2,"column":31}},"2":{"start":{"line":3,"column":18},"end":{"line":3,"column":53}},"3":{"start":{"line":4,"column":27},"end":{"line":4,"column":66}},"4":{"start":{"line":5,"column":26},"end":{"line":5,"column":64}},"5":{"start":{"line":7,"column":0},"end":{"line":7,"column":26}},"6":{"start":{"line":8,"column":0},"end":{"line":8,"column":40}},"7":{"start":{"line":9,"column":0},"end":{"line":9,"column":47}},"8":{"start":{"line":10,"column":0},"end":{"line":10,"column":64}},"9":{"start":{"line":12,"column":0},"end":{"line":12,"column":24}}},"fnMap":{},"branchMap":{},"s":{"0":9,"1":9,"2":9,"3":9,"4":9,"5":9,"6":9,"7":9,"8":9,"9":9},"f":{},"b":{},"_coverageSchema":"1a1c01bbd47fc00a2c39e90264f33305004495a9","hash":"e55ca476560d0d00c7c62c9e2c79cfb7150a1527"}
,"/Users/adibwafi/Documents/Hacktiv8/Phase3/Final Project/Savvie-Server/routes/food.js": {"path":"/Users/adibwafi/Documents/Hacktiv8/Phase3/Final Project/Savvie-Server/routes/food.js","statementMap":{"0":{"start":{"line":1,"column":16},"end":{"line":1,"column":34}},"1":{"start":{"line":2,"column":15},"end":{"line":2,"column":31}},"2":{"start":{"line":3,"column":13},"end":{"line":3,"column":43}},"3":{"start":{"line":5,"column":0},"end":{"line":5,"column":30}},"4":{"start":{"line":6,"column":0},"end":{"line":6,"column":37}},"5":{"start":{"line":8,"column":0},"end":{"line":8,"column":24}}},"fnMap":{},"branchMap":{},"s":{"0":9,"1":9,"2":9,"3":9,"4":9,"5":9},"f":{},"b":{},"_coverageSchema":"1a1c01bbd47fc00a2c39e90264f33305004495a9","hash":"2f7b88e983e9aa14d15130697c1311d3647065bd"}
,"/Users/adibwafi/Documents/Hacktiv8/Phase3/Final Project/Savvie-Server/routes/index.js": {"path":"/Users/adibwafi/Documents/Hacktiv8/Phase3/Final Project/Savvie-Server/routes/index.js","statementMap":{"0":{"start":{"line":1,"column":16},"end":{"line":1,"column":34}},"1":{"start":{"line":2,"column":15},"end":{"line":2,"column":31}},"2":{"start":{"line":3,"column":14},"end":{"line":3,"column":31}},"3":{"start":{"line":4,"column":20},"end":{"line":4,"column":43}},"4":{"start":{"line":5,"column":14},"end":{"line":5,"column":31}},"5":{"start":{"line":6,"column":18},"end":{"line":6,"column":39}},"6":{"start":{"line":7,"column":19},"end":{"line":7,"column":41}},"7":{"start":{"line":8,"column":14},"end":{"line":8,"column":32}},"8":{"start":{"line":9,"column":17},"end":{"line":9,"column":38}},"9":{"start":{"line":11,"column":15},"end":{"line":11,"column":34}},"10":{"start":{"line":12,"column":15},"end":{"line":12,"column":34}},"11":{"start":{"line":13,"column":17},"end":{"line":13,"column":38}},"12":{"start":{"line":14,"column":30},"end":{"line":14,"column":69}},"13":{"start":{"line":16,"column":0},"end":{"line":16,"column":23}},"14":{"start":{"line":17,"column":0},"end":{"line":17,"column":40}},"15":{"start":{"line":18,"column":0},"end":{"line":18,"column":27}},"16":{"start":{"line":19,"column":0},"end":{"line":19,"column":37}},"17":{"start":{"line":20,"column":0},"end":{"line":20,"column":37}},"18":{"start":{"line":21,"column":0},"end":{"line":21,"column":29}},"19":{"start":{"line":23,"column":0},"end":{"line":23,"column":33}},"20":{"start":{"line":24,"column":0},"end":{"line":24,"column":29}},"21":{"start":{"line":25,"column":0},"end":{"line":25,"column":33}},"22":{"start":{"line":27,"column":0},"end":{"line":27,"column":28}},"23":{"start":{"line":29,"column":0},"end":{"line":29,"column":24}}},"fnMap":{},"branchMap":{},"s":{"0":9,"1":9,"2":9,"3":9,"4":9,"5":9,"6":9,"7":9,"8":9,"9":9,"10":9,"11":9,"12":9,"13":9,"14":9,"15":9,"16":9,"17":9,"18":9,"19":9,"20":9,"21":9,"22":9,"23":9},"f":{},"b":{},"_coverageSchema":"1a1c01bbd47fc00a2c39e90264f33305004495a9","hash":"4e90bac7c2ad6592f201b04a5f3a72cae4b11e3b"}
,"/Users/adibwafi/Documents/Hacktiv8/Phase3/Final Project/Savvie-Server/routes/midtrans.js": {"path":"/Users/adibwafi/Documents/Hacktiv8/Phase3/Final Project/Savvie-Server/routes/midtrans.js","statementMap":{"0":{"start":{"line":1,"column":16},"end":{"line":1,"column":34}},"1":{"start":{"line":2,"column":15},"end":{"line":2,"column":31}},"2":{"start":{"line":3,"column":17},"end":{"line":3,"column":51}},"3":{"start":{"line":4,"column":27},"end":{"line":4,"column":66}},"4":{"start":{"line":6,"column":0},"end":{"line":6,"column":26}},"5":{"start":{"line":7,"column":0},"end":{"line":7,"column":44}},"6":{"start":{"line":9,"column":0},"end":{"line":9,"column":24}}},"fnMap":{},"branchMap":{},"s":{"0":9,"1":9,"2":9,"3":9,"4":9,"5":9,"6":9},"f":{},"b":{},"_coverageSchema":"1a1c01bbd47fc00a2c39e90264f33305004495a9","hash":"00501dabbcf97518cc8e988d128790a7beb84fd6"}
,"/Users/adibwafi/Documents/Hacktiv8/Phase3/Final Project/Savvie-Server/routes/restaurant.js": {"path":"/Users/adibwafi/Documents/Hacktiv8/Phase3/Final Project/Savvie-Server/routes/restaurant.js","statementMap":{"0":{"start":{"line":1,"column":16},"end":{"line":1,"column":34}},"1":{"start":{"line":2,"column":15},"end":{"line":2,"column":31}},"2":{"start":{"line":3,"column":14},"end":{"line":3,"column":45}},"3":{"start":{"line":4,"column":19},"end":{"line":4,"column":55}},"4":{"start":{"line":5,"column":27},"end":{"line":5,"column":66}},"5":{"start":{"line":7,"column":0},"end":{"line":7,"column":42}},"6":{"start":{"line":8,"column":0},"end":{"line":8,"column":56}},"7":{"start":{"line":9,"column":0},"end":{"line":9,"column":49}},"8":{"start":{"line":11,"column":0},"end":{"line":11,"column":24}}},"fnMap":{},"branchMap":{},"s":{"0":9,"1":9,"2":9,"3":9,"4":9,"5":9,"6":9,"7":9,"8":9},"f":{},"b":{},"_coverageSchema":"1a1c01bbd47fc00a2c39e90264f33305004495a9","hash":"00283ceb6df7b8aade28ca5eab82607e77b904c2"}
,"/Users/adibwafi/Documents/Hacktiv8/Phase3/Final Project/Savvie-Server/routes/resto.js": {"path":"/Users/adibwafi/Documents/Hacktiv8/Phase3/Final Project/Savvie-Server/routes/resto.js","statementMap":{"0":{"start":{"line":1,"column":16},"end":{"line":1,"column":34}},"1":{"start":{"line":2,"column":15},"end":{"line":2,"column":31}},"2":{"start":{"line":3,"column":14},"end":{"line":3,"column":45}},"3":{"start":{"line":4,"column":48},"end":{"line":4,"column":87}},"4":{"start":{"line":5,"column":29},"end":{"line":5,"column":67}},"5":{"start":{"line":7,"column":0},"end":{"line":7,"column":68}},"6":{"start":{"line":9,"column":0},"end":{"line":9,"column":32}},"7":{"start":{"line":10,"column":0},"end":{"line":10,"column":37}},"8":{"start":{"line":11,"column":0},"end":{"line":11,"column":62}},"9":{"start":{"line":12,"column":0},"end":{"line":12,"column":37}},"10":{"start":{"line":13,"column":0},"end":{"line":13,"column":65}},"11":{"start":{"line":14,"column":0},"end":{"line":14,"column":60}},"12":{"start":{"line":15,"column":0},"end":{"line":15,"column":76}},"13":{"start":{"line":16,"column":0},"end":{"line":16,"column":76}},"14":{"start":{"line":18,"column":0},"end":{"line":18,"column":46}},"15":{"start":{"line":19,"column":0},"end":{"line":19,"column":48}},"16":{"start":{"line":20,"column":0},"end":{"line":20,"column":53}},"17":{"start":{"line":22,"column":0},"end":{"line":22,"column":36}},"18":{"start":{"line":24,"column":0},"end":{"line":24,"column":24}}},"fnMap":{},"branchMap":{},"s":{"0":9,"1":9,"2":9,"3":9,"4":9,"5":9,"6":9,"7":9,"8":9,"9":9,"10":9,"11":9,"12":9,"13":9,"14":9,"15":9,"16":9,"17":9,"18":9},"f":{},"b":{},"_coverageSchema":"1a1c01bbd47fc00a2c39e90264f33305004495a9","hash":"119d013c47e1094759102b7001c61d6ebaeb1fab"}
,"/Users/adibwafi/Documents/Hacktiv8/Phase3/Final Project/Savvie-Server/routes/search.js": {"path":"/Users/adibwafi/Documents/Hacktiv8/Phase3/Final Project/Savvie-Server/routes/search.js","statementMap":{"0":{"start":{"line":1,"column":16},"end":{"line":1,"column":34}},"1":{"start":{"line":2,"column":15},"end":{"line":2,"column":31}},"2":{"start":{"line":3,"column":19},"end":{"line":3,"column":51}},"3":{"start":{"line":5,"column":0},"end":{"line":5,"column":35}},"4":{"start":{"line":7,"column":0},"end":{"line":7,"column":24}}},"fnMap":{},"branchMap":{},"s":{"0":9,"1":9,"2":9,"3":9,"4":9},"f":{},"b":{},"_coverageSchema":"1a1c01bbd47fc00a2c39e90264f33305004495a9","hash":"b4b2359b15a928e0b32b8d7b4b182c4650b5878b"}
,"/Users/adibwafi/Documents/Hacktiv8/Phase3/Final Project/Savvie-Server/routes/user.js": {"path":"/Users/adibwafi/Documents/Hacktiv8/Phase3/Final Project/Savvie-Server/routes/user.js","statementMap":{"0":{"start":{"line":1,"column":16},"end":{"line":1,"column":34}},"1":{"start":{"line":2,"column":15},"end":{"line":2,"column":31}},"2":{"start":{"line":3,"column":13},"end":{"line":3,"column":43}},"3":{"start":{"line":4,"column":27},"end":{"line":4,"column":66}},"4":{"start":{"line":6,"column":0},"end":{"line":6,"column":39}},"5":{"start":{"line":7,"column":0},"end":{"line":7,"column":57}},"6":{"start":{"line":8,"column":0},"end":{"line":8,"column":40}},"7":{"start":{"line":10,"column":0},"end":{"line":10,"column":48}},"8":{"start":{"line":12,"column":0},"end":{"line":12,"column":24}}},"fnMap":{},"branchMap":{},"s":{"0":9,"1":9,"2":9,"3":9,"4":9,"5":9,"6":9,"7":9,"8":9},"f":{},"b":{},"_coverageSchema":"1a1c01bbd47fc00a2c39e90264f33305004495a9","hash":"7f4511569d127ab2f6c6befa4b45a4ced9ef98ed"}
,"/Users/adibwafi/Documents/Hacktiv8/Phase3/Final Project/Savvie-Server/routes/xendit.js": {"path":"/Users/adibwafi/Documents/Hacktiv8/Phase3/Final Project/Savvie-Server/routes/xendit.js","statementMap":{"0":{"start":{"line":1,"column":16},"end":{"line":1,"column":34}},"1":{"start":{"line":2,"column":15},"end":{"line":2,"column":31}},"2":{"start":{"line":3,"column":15},"end":{"line":3,"column":47}},"3":{"start":{"line":4,"column":27},"end":{"line":4,"column":66}},"4":{"start":{"line":6,"column":0},"end":{"line":10,"column":2}},"5":{"start":{"line":7,"column":2},"end":{"line":9,"column":4}},"6":{"start":{"line":11,"column":0},"end":{"line":11,"column":26}},"7":{"start":{"line":12,"column":0},"end":{"line":12,"column":36}},"8":{"start":{"line":14,"column":0},"end":{"line":14,"column":24}}},"fnMap":{"0":{"name":"(anonymous_0)","decl":{"start":{"line":6,"column":23},"end":{"line":6,"column":24}},"loc":{"start":{"line":6,"column":37},"end":{"line":10,"column":1}},"line":6}},"branchMap":{},"s":{"0":9,"1":9,"2":9,"3":9,"4":9,"5":1,"6":9,"7":9,"8":9},"f":{"0":1},"b":{},"_coverageSchema":"1a1c01bbd47fc00a2c39e90264f33305004495a9","hash":"ddcfff364c6a11f1b1f4512efdfdfe75593f6833"}
}
